{
  "RSpec": {
    "coverage": {
      "/home/rodrigo/work/playground/sonda-credere/app/models/sonda.rb": [
        null,
        null,
        1,
        1,
        null,
        1,
        1,
        1,
        1,
        null,
        1,
        10,
        null,
        null,
        1,
        13,
        13,
        13,
        null,
        null,
        1,
        37,
        null,
        null,
        1,
        9,
        null,
        9,
        9,
        null,
        null,
        1,
        null,
        3,
        null,
        null,
        null,
        null,
        null,
        1,
        null,
        1,
        8,
        null,
        null,
        1,
        1,
        null,
        null,
        1,
        37,
        null,
        null,
        1,
        17,
        17,
        null,
        15,
        null,
        null,
        1,
        20,
        20,
        null,
        19,
        null,
        null,
        1,
        37,
        null,
        null,
        1,
        33,
        null,
        null,
        1,
        4,
        null,
        null,
        1,
        37,
        null,
        null
      ],
      "/home/rodrigo/work/playground/sonda-credere/app/services/exceptions/sonda_move_not_permitted.rb": [
        null,
        null,
        1,
        1,
        null
      ],
      "/home/rodrigo/work/playground/sonda-credere/app/controllers/application_controller.rb": [
        null,
        null,
        1,
        null
      ],
      "/home/rodrigo/work/playground/sonda-credere/app/controllers/v1/sonda_controller.rb": [
        null,
        null,
        1,
        1,
        1,
        null,
        1,
        1,
        1,
        null,
        null,
        1,
        1,
        null,
        null,
        1,
        2,
        1,
        null,
        null,
        1,
        null,
        1,
        1,
        null,
        null,
        1,
        3,
        null,
        null,
        1,
        2,
        null,
        null,
        1,
        6,
        null,
        null,
        null
      ],
      "/home/rodrigo/work/playground/sonda-credere/app/services/sonda_service.rb": [
        null,
        null,
        1,
        1,
        null,
        1,
        1,
        null,
        null,
        1,
        1,
        null,
        null,
        1,
        2,
        10,
        null,
        null,
        null,
        1,
        3,
        null,
        null
      ]
    },
    "timestamp": 1636401426
  }
}
